2014-Nov-05 09:44:12 +0700 Arie-PC INFO [zenblog.handler] - zenblog started successfully
2014-Nov-05 09:59:22 +0700 Arie-PC INFO [zenblog.handler] - zenblog started successfully
2014-Nov-05 10:57:37 +0700 Arie-PC INFO [zenblog.handler] - zenblog started successfully
2014-Nov-05 11:08:54 +0700 Arie-PC INFO [zenblog.handler] - zenblog started successfully
2014-Nov-11 02:51:05 +0700 Arie-PC INFO [zenblog.handler] - zenblog started successfully
2014-Nov-11 02:55:38 +0700 Arie-PC INFO [zenblog.handler] - zenblog started successfully
2014-Nov-11 09:53:24 +0700 Arie-PC INFO [zenblog.handler] - zenblog started successfully
2014-Nov-11 10:31:57 +0700 Arie-PC INFO [zenblog.handler] - zenblog started successfully
2014-Nov-11 10:50:05 +0700 Arie-PC INFO [zenblog.handler] - zenblog started successfully
2014-Nov-12 09:02:47 +0700 Arie-PC INFO [zenblog.handler] - zenblog started successfully
2014-Nov-12 10:47:23 +0700 Arie-PC INFO [zenblog.handler] - zenblog started successfully
2014-Nov-12 11:09:44 +0700 Arie-PC INFO [zenblog.handler] - zenblog started successfully
2014-Nov-26 12:30:49 +0700 Arie-PC INFO [zenblog.handler] - zenblog started successfully
2014-Nov-26 16:13:33 +0700 Arie-PC INFO [zenblog.handler] - zenblog started successfully
2014-Nov-26 16:48:53 +0700 Arie-PC ERROR [zenblog.middleware] - 
[1;31mjava.lang.AssertionError[m: [3mAssert failed: (integer? id)[m
                                                                   [33mzenblog.dbase/[1;33mfindById[m  [32m                  dbase.clj:   20[m
                                                    [33mzenblog.pageandctrl.blogpage/fn/fn/[1;33mfn[m  [32m               blogpage.clj:   11[m
                                                                      [33mclojure.core/map/[1;33mfn[m  [32m                   core.clj: 2559[m
                                                                [37mclojure.lang.LazySeq.sval[m  [32m               LazySeq.java:   40[m
                                                                 [37mclojure.lang.LazySeq.seq[m  [32m               LazySeq.java:   49[m
                                                                      [37mclojure.lang.RT.seq[m  [32m                    RT.java:  484[m
                                                                         [33mclojure.core/[1;33mseq[m  [32m                   core.clj:  133[m
                                          [33mnet.cgrand.enlive-html/flatten-nodes-coll/[1;33mflat*[m  [32m            enlive_html.clj:  227[m
                                        [33mnet.cgrand.enlive-html/flatten-nodes-coll/flat/[1;33mfn[m  [32m            enlive_html.clj:  232[m
                                                                [37mclojure.lang.LazySeq.sval[m  [32m               LazySeq.java:   40[m
                                                                 [37mclojure.lang.LazySeq.seq[m  [32m               LazySeq.java:   49[m
                                                                      [37mclojure.lang.RT.seq[m  [32m                    RT.java:  484[m
                                                                         [33mclojure.core/[1;33mseq[m  [32m                   core.clj:  133[m
                                                                       [33mclojure.core/[1;33mdorun[m  [32m                   core.clj: 2855[m
                                                                       [33mclojure.core/[1;33mdoall[m  [32m                   core.clj: 2871[m
                                                       [33mzenblog.pageandctrl.blogpage/fn/[1;33mfn[m  [32m               blogpage.clj:    9[m
                                                                     [33mclojure.core/comp/[1;33mfn[m  [32m                   core.clj: 2403[m
                                                        [33mzenblog.pageandctrl.ctrl/[1;33mblogpage[m  [32m                   ctrl.clj:   25[m
                                                                        [33mzenblog.routes/[1;33mfn[m  [32m                 routes.clj:   21[m
                                                             [33mcompojure.core/make-route/[1;33mfn[m  [32m                   core.clj:   99[m
                                                               [33mcompojure.core/if-route/[1;33mfn[m  [32m                   core.clj:   45[m
                                                              [33mcompojure.core/if-method/[1;33mfn[m  [32m                   core.clj:   30[m
                                                                [33mcompojure.core/routing/[1;33mfn[m  [32m                   core.clj:  112[m
                                                                        [33mclojure.core/[1;33msome[m  [32m                   core.clj: 2515[m
                                                                   [33mcompojure.core/[1;33mrouting[m  [32m                   core.clj:  112[m
                                                              [37mclojure.lang.RestFn.applyTo[m  [32m                RestFn.java:  139[m
                                                                       [33mclojure.core/[1;33mapply[m  [32m                   core.clj:  626[m
                                                                 [33mcompojure.core/routes/[1;33mfn[m  [32m                   core.clj:  117[m
                                                                [33mcompojure.core/routing/[1;33mfn[m  [32m                   core.clj:  112[m
                                                                        [33mclojure.core/[1;33msome[m  [32m                   core.clj: 2515[m
                                                                   [33mcompojure.core/[1;33mrouting[m  [32m                   core.clj:  112[m
                                                              [37mclojure.lang.RestFn.applyTo[m  [32m                RestFn.java:  139[m
                                                                       [33mclojure.core/[1;33mapply[m  [32m                   core.clj:  626[m
                                                                 [33mcompojure.core/routes/[1;33mfn[m  [32m                   core.clj:  117[m
                                                     [33mselmer.middleware/wrap-error-page/[1;33mfn[m  [32m             middleware.clj:    9[m
                                                      [33mprone.middleware/wrap-exceptions/[1;33mfn[m  [32m             middleware.clj:   76[m
                                               [33mnoir-exception.core/wrap-internal-error/[1;33mfn[m  [32m                   core.clj:  121[m
                                                 [33mnoir.util.middleware/wrap-request-map/[1;33mfn[m  [32m             middleware.clj:   45[m
                                    [33mring.middleware.keyword-params/wrap-keyword-params/[1;33mfn[m  [32m         keyword_params.clj:   35[m
                                      [33mring.middleware.nested-params/wrap-nested-params/[1;33mfn[m  [32m          nested_params.clj:   84[m
                                                    [33mring.middleware.params/wrap-params/[1;33mfn[m  [32m                 params.clj:   64[m
                                                       [33mhiccup.middleware/wrap-base-url/[1;33mfn[m  [32m             middleware.clj:   12[m
                                      [33mring.middleware.format-params/wrap-format-params/[1;33mfn[m  [32m          format_params.clj:  113[m
                                      [33mring.middleware.format-params/wrap-format-params/[1;33mfn[m  [32m          format_params.clj:  113[m
                                  [33mring.middleware.format-response/wrap-format-response/[1;33mfn[m  [32m        format_response.clj:  174[m
                                [33mring.middleware.multipart-params/wrap-multipart-params/[1;33mfn[m  [32m       multipart_params.clj:  118[m
                                                  [33mnoir.validation/wrap-noir-validation/[1;33mfn[m  [32m             validation.clj:  155[m
                                                             [33mnoir.cookies/noir-cookies/[1;33mfn[m  [32m                cookies.clj:   72[m
                                                  [33mring.middleware.cookies/wrap-cookies/[1;33mfn[m  [32m                cookies.clj:  156[m
                                                               [33mnoir.session/noir-flash/[1;33mfn[m  [32m                session.clj:  148[m
                                                      [33mring.middleware.flash/wrap-flash/[1;33mfn[m  [32m                  flash.clj:   35[m
                                                             [33mnoir.session/noir-session/[1;33mfn[m  [32m                session.clj:   99[m
                             [33mring.middleware.session-timeout/wrap-idle-session-timeout/[1;33mfn[m  [32m        session_timeout.clj:   25[m
                                                  [33mring.middleware.session/wrap-session/[1;33mfn[m  [32m                session.clj:   98[m
                                                                  [37mclojure.lang.Var.invoke[m  [32m                   Var.java:  379[m
                                                    [33mring.middleware.reload/wrap-reload/[1;33mfn[m  [32m                 reload.clj:   22[m
                                        [33mring.middleware.stacktrace/wrap-stacktrace-log/[1;33mfn[m  [32m             stacktrace.clj:   23[m
                                        [33mring.middleware.stacktrace/wrap-stacktrace-web/[1;33mfn[m  [32m             stacktrace.clj:   86[m
                                                      [33mring.adapter.jetty/proxy-handler/[1;33mfn[m  [32m                  jetty.clj:   18[m
[37mring.adapter.jetty.proxy$org.eclipse.jetty.server.handler.AbstractHandler$ff19274a.handle[m  [32m                                 [m
                                   [37morg.eclipse.jetty.server.handler.HandlerWrapper.handle[m  [32m        HandlerWrapper.java:  116[m
                                                   [37morg.eclipse.jetty.server.Server.handle[m  [32m                Server.java:  363[m
                            [37morg.eclipse.jetty.server.AbstractHttpConnection.handleRequest[m  [32mAbstractHttpConnection.java:  483[m
                           [37morg.eclipse.jetty.server.AbstractHttpConnection.headerComplete[m  [32mAbstractHttpConnection.java:  920[m
            [37morg.eclipse.jetty.server.AbstractHttpConnection$RequestHandler.headerComplete[m  [32mAbstractHttpConnection.java:  982[m
                                              [37morg.eclipse.jetty.http.HttpParser.parseNext[m  [32m            HttpParser.java:  635[m
                                         [37morg.eclipse.jetty.http.HttpParser.parseAvailable[m  [32m            HttpParser.java:  235[m
                                      [37morg.eclipse.jetty.server.AsyncHttpConnection.handle[m  [32m   AsyncHttpConnection.java:   82[m
                                    [37morg.eclipse.jetty.io.nio.SelectChannelEndPoint.handle[m  [32m SelectChannelEndPoint.java:  628[m
                                     [37morg.eclipse.jetty.io.nio.SelectChannelEndPoint$1.run[m  [32m SelectChannelEndPoint.java:   52[m
                                    [37morg.eclipse.jetty.util.thread.QueuedThreadPool.runJob[m  [32m      QueuedThreadPool.java:  608[m
                                     [37morg.eclipse.jetty.util.thread.QueuedThreadPool$3.run[m  [32m      QueuedThreadPool.java:  543[m
                                                                     [37mjava.lang.Thread.run[m  [32m                Thread.java:  744[m

2014-Nov-26 16:49:03 +0700 Arie-PC ERROR [zenblog.middleware] - 
[1;31mjava.lang.AssertionError[m: [3mAssert failed: (integer? id)[m
                                                                   [33mzenblog.dbase/[1;33mfindById[m  [32m                  dbase.clj:   20[m
                                                    [33mzenblog.pageandctrl.blogpage/fn/fn/[1;33mfn[m  [32m               blogpage.clj:   11[m
                                                                      [33mclojure.core/map/[1;33mfn[m  [32m                   core.clj: 2559[m
                                                                [37mclojure.lang.LazySeq.sval[m  [32m               LazySeq.java:   40[m
                                                                 [37mclojure.lang.LazySeq.seq[m  [32m               LazySeq.java:   49[m
                                                                      [37mclojure.lang.RT.seq[m  [32m                    RT.java:  484[m
                                                                         [33mclojure.core/[1;33mseq[m  [32m                   core.clj:  133[m
                                          [33mnet.cgrand.enlive-html/flatten-nodes-coll/[1;33mflat*[m  [32m            enlive_html.clj:  227[m
                                        [33mnet.cgrand.enlive-html/flatten-nodes-coll/flat/[1;33mfn[m  [32m            enlive_html.clj:  232[m
                                                                [37mclojure.lang.LazySeq.sval[m  [32m               LazySeq.java:   40[m
                                                                 [37mclojure.lang.LazySeq.seq[m  [32m               LazySeq.java:   49[m
                                                                      [37mclojure.lang.RT.seq[m  [32m                    RT.java:  484[m
                                                                         [33mclojure.core/[1;33mseq[m  [32m                   core.clj:  133[m
                                                                       [33mclojure.core/[1;33mdorun[m  [32m                   core.clj: 2855[m
                                                                       [33mclojure.core/[1;33mdoall[m  [32m                   core.clj: 2871[m
                                                       [33mzenblog.pageandctrl.blogpage/fn/[1;33mfn[m  [32m               blogpage.clj:    9[m
                                                                     [33mclojure.core/comp/[1;33mfn[m  [32m                   core.clj: 2403[m
                                                        [33mzenblog.pageandctrl.ctrl/[1;33mblogpage[m  [32m                   ctrl.clj:   25[m
                                                                        [33mzenblog.routes/[1;33mfn[m  [32m                 routes.clj:   21[m
                                                             [33mcompojure.core/make-route/[1;33mfn[m  [32m                   core.clj:   99[m
                                                               [33mcompojure.core/if-route/[1;33mfn[m  [32m                   core.clj:   45[m
                                                              [33mcompojure.core/if-method/[1;33mfn[m  [32m                   core.clj:   30[m
                                                                [33mcompojure.core/routing/[1;33mfn[m  [32m                   core.clj:  112[m
                                                                        [33mclojure.core/[1;33msome[m  [32m                   core.clj: 2515[m
                                                                   [33mcompojure.core/[1;33mrouting[m  [32m                   core.clj:  112[m
                                                              [37mclojure.lang.RestFn.applyTo[m  [32m                RestFn.java:  139[m
                                                                       [33mclojure.core/[1;33mapply[m  [32m                   core.clj:  626[m
                                                                 [33mcompojure.core/routes/[1;33mfn[m  [32m                   core.clj:  117[m
                                                                [33mcompojure.core/routing/[1;33mfn[m  [32m                   core.clj:  112[m
                                                                        [33mclojure.core/[1;33msome[m  [32m                   core.clj: 2515[m
                                                                   [33mcompojure.core/[1;33mrouting[m  [32m                   core.clj:  112[m
                                                              [37mclojure.lang.RestFn.applyTo[m  [32m                RestFn.java:  139[m
                                                                       [33mclojure.core/[1;33mapply[m  [32m                   core.clj:  626[m
                                                                 [33mcompojure.core/routes/[1;33mfn[m  [32m                   core.clj:  117[m
                                                     [33mselmer.middleware/wrap-error-page/[1;33mfn[m  [32m             middleware.clj:    9[m
                                                      [33mprone.middleware/wrap-exceptions/[1;33mfn[m  [32m             middleware.clj:   76[m
                                               [33mnoir-exception.core/wrap-internal-error/[1;33mfn[m  [32m                   core.clj:  121[m
                                                 [33mnoir.util.middleware/wrap-request-map/[1;33mfn[m  [32m             middleware.clj:   45[m
                                    [33mring.middleware.keyword-params/wrap-keyword-params/[1;33mfn[m  [32m         keyword_params.clj:   35[m
                                      [33mring.middleware.nested-params/wrap-nested-params/[1;33mfn[m  [32m          nested_params.clj:   84[m
                                                    [33mring.middleware.params/wrap-params/[1;33mfn[m  [32m                 params.clj:   64[m
                                                       [33mhiccup.middleware/wrap-base-url/[1;33mfn[m  [32m             middleware.clj:   12[m
                                      [33mring.middleware.format-params/wrap-format-params/[1;33mfn[m  [32m          format_params.clj:  113[m
                                      [33mring.middleware.format-params/wrap-format-params/[1;33mfn[m  [32m          format_params.clj:  113[m
                                  [33mring.middleware.format-response/wrap-format-response/[1;33mfn[m  [32m        format_response.clj:  174[m
                                [33mring.middleware.multipart-params/wrap-multipart-params/[1;33mfn[m  [32m       multipart_params.clj:  118[m
                                                  [33mnoir.validation/wrap-noir-validation/[1;33mfn[m  [32m             validation.clj:  155[m
                                                             [33mnoir.cookies/noir-cookies/[1;33mfn[m  [32m                cookies.clj:   72[m
                                                  [33mring.middleware.cookies/wrap-cookies/[1;33mfn[m  [32m                cookies.clj:  156[m
                                                               [33mnoir.session/noir-flash/[1;33mfn[m  [32m                session.clj:  148[m
                                                      [33mring.middleware.flash/wrap-flash/[1;33mfn[m  [32m                  flash.clj:   35[m
                                                             [33mnoir.session/noir-session/[1;33mfn[m  [32m                session.clj:   99[m
                             [33mring.middleware.session-timeout/wrap-idle-session-timeout/[1;33mfn[m  [32m        session_timeout.clj:   25[m
                                                  [33mring.middleware.session/wrap-session/[1;33mfn[m  [32m                session.clj:   98[m
                                                                  [37mclojure.lang.Var.invoke[m  [32m                   Var.java:  379[m
                                                    [33mring.middleware.reload/wrap-reload/[1;33mfn[m  [32m                 reload.clj:   22[m
                                        [33mring.middleware.stacktrace/wrap-stacktrace-log/[1;33mfn[m  [32m             stacktrace.clj:   23[m
                                        [33mring.middleware.stacktrace/wrap-stacktrace-web/[1;33mfn[m  [32m             stacktrace.clj:   86[m
                                                      [33mring.adapter.jetty/proxy-handler/[1;33mfn[m  [32m                  jetty.clj:   18[m
[37mring.adapter.jetty.proxy$org.eclipse.jetty.server.handler.AbstractHandler$ff19274a.handle[m  [32m                                 [m
                                   [37morg.eclipse.jetty.server.handler.HandlerWrapper.handle[m  [32m        HandlerWrapper.java:  116[m
                                                   [37morg.eclipse.jetty.server.Server.handle[m  [32m                Server.java:  363[m
                            [37morg.eclipse.jetty.server.AbstractHttpConnection.handleRequest[m  [32mAbstractHttpConnection.java:  483[m
                           [37morg.eclipse.jetty.server.AbstractHttpConnection.headerComplete[m  [32mAbstractHttpConnection.java:  920[m
            [37morg.eclipse.jetty.server.AbstractHttpConnection$RequestHandler.headerComplete[m  [32mAbstractHttpConnection.java:  982[m
                                              [37morg.eclipse.jetty.http.HttpParser.parseNext[m  [32m            HttpParser.java:  635[m
                                         [37morg.eclipse.jetty.http.HttpParser.parseAvailable[m  [32m            HttpParser.java:  235[m
                                      [37morg.eclipse.jetty.server.AsyncHttpConnection.handle[m  [32m   AsyncHttpConnection.java:   82[m
                                    [37morg.eclipse.jetty.io.nio.SelectChannelEndPoint.handle[m  [32m SelectChannelEndPoint.java:  628[m
                                     [37morg.eclipse.jetty.io.nio.SelectChannelEndPoint$1.run[m  [32m SelectChannelEndPoint.java:   52[m
                                    [37morg.eclipse.jetty.util.thread.QueuedThreadPool.runJob[m  [32m      QueuedThreadPool.java:  608[m
                                     [37morg.eclipse.jetty.util.thread.QueuedThreadPool$3.run[m  [32m      QueuedThreadPool.java:  543[m
                                                                     [37mjava.lang.Thread.run[m  [32m                Thread.java:  744[m

2014-Nov-26 16:51:18 +0700 Arie-PC ERROR [zenblog.middleware] - 
[1;31mjava.lang.AssertionError[m: [3mAssert failed: (integer? id)[m
                                                                   [33mzenblog.dbase/[1;33mfindById[m  [32m                  dbase.clj:   20[m
                                                    [33mzenblog.pageandctrl.blogpage/fn/fn/[1;33mfn[m  [32m               blogpage.clj:   11[m
                                                                      [33mclojure.core/map/[1;33mfn[m  [32m                   core.clj: 2559[m
                                                                [37mclojure.lang.LazySeq.sval[m  [32m               LazySeq.java:   40[m
                                                                 [37mclojure.lang.LazySeq.seq[m  [32m               LazySeq.java:   49[m
                                                                      [37mclojure.lang.RT.seq[m  [32m                    RT.java:  484[m
                                                                         [33mclojure.core/[1;33mseq[m  [32m                   core.clj:  133[m
                                          [33mnet.cgrand.enlive-html/flatten-nodes-coll/[1;33mflat*[m  [32m            enlive_html.clj:  227[m
                                        [33mnet.cgrand.enlive-html/flatten-nodes-coll/flat/[1;33mfn[m  [32m            enlive_html.clj:  232[m
                                                                [37mclojure.lang.LazySeq.sval[m  [32m               LazySeq.java:   40[m
                                                                 [37mclojure.lang.LazySeq.seq[m  [32m               LazySeq.java:   49[m
                                                                      [37mclojure.lang.RT.seq[m  [32m                    RT.java:  484[m
                                                                         [33mclojure.core/[1;33mseq[m  [32m                   core.clj:  133[m
                                                                       [33mclojure.core/[1;33mdorun[m  [32m                   core.clj: 2855[m
                                                                       [33mclojure.core/[1;33mdoall[m  [32m                   core.clj: 2871[m
                                                       [33mzenblog.pageandctrl.blogpage/fn/[1;33mfn[m  [32m               blogpage.clj:    9[m
                                                                     [33mclojure.core/comp/[1;33mfn[m  [32m                   core.clj: 2403[m
                                                        [33mzenblog.pageandctrl.ctrl/[1;33mblogpage[m  [32m                   ctrl.clj:   25[m
                                                                        [33mzenblog.routes/[1;33mfn[m  [32m                 routes.clj:   21[m
                                                             [33mcompojure.core/make-route/[1;33mfn[m  [32m                   core.clj:   99[m
                                                               [33mcompojure.core/if-route/[1;33mfn[m  [32m                   core.clj:   45[m
                                                              [33mcompojure.core/if-method/[1;33mfn[m  [32m                   core.clj:   30[m
                                                                [33mcompojure.core/routing/[1;33mfn[m  [32m                   core.clj:  112[m
                                                                        [33mclojure.core/[1;33msome[m  [32m                   core.clj: 2515[m
                                                                   [33mcompojure.core/[1;33mrouting[m  [32m                   core.clj:  112[m
                                                              [37mclojure.lang.RestFn.applyTo[m  [32m                RestFn.java:  139[m
                                                                       [33mclojure.core/[1;33mapply[m  [32m                   core.clj:  626[m
                                                                 [33mcompojure.core/routes/[1;33mfn[m  [32m                   core.clj:  117[m
                                                                [33mcompojure.core/routing/[1;33mfn[m  [32m                   core.clj:  112[m
                                                                        [33mclojure.core/[1;33msome[m  [32m                   core.clj: 2515[m
                                                                   [33mcompojure.core/[1;33mrouting[m  [32m                   core.clj:  112[m
                                                              [37mclojure.lang.RestFn.applyTo[m  [32m                RestFn.java:  139[m
                                                                       [33mclojure.core/[1;33mapply[m  [32m                   core.clj:  626[m
                                                                 [33mcompojure.core/routes/[1;33mfn[m  [32m                   core.clj:  117[m
                                                     [33mselmer.middleware/wrap-error-page/[1;33mfn[m  [32m             middleware.clj:    9[m
                                                      [33mprone.middleware/wrap-exceptions/[1;33mfn[m  [32m             middleware.clj:   76[m
                                               [33mnoir-exception.core/wrap-internal-error/[1;33mfn[m  [32m                   core.clj:  121[m
                                                 [33mnoir.util.middleware/wrap-request-map/[1;33mfn[m  [32m             middleware.clj:   45[m
                                    [33mring.middleware.keyword-params/wrap-keyword-params/[1;33mfn[m  [32m         keyword_params.clj:   35[m
                                      [33mring.middleware.nested-params/wrap-nested-params/[1;33mfn[m  [32m          nested_params.clj:   84[m
                                                    [33mring.middleware.params/wrap-params/[1;33mfn[m  [32m                 params.clj:   64[m
                                                       [33mhiccup.middleware/wrap-base-url/[1;33mfn[m  [32m             middleware.clj:   12[m
                                      [33mring.middleware.format-params/wrap-format-params/[1;33mfn[m  [32m          format_params.clj:  113[m
                                      [33mring.middleware.format-params/wrap-format-params/[1;33mfn[m  [32m          format_params.clj:  113[m
                                  [33mring.middleware.format-response/wrap-format-response/[1;33mfn[m  [32m        format_response.clj:  174[m
                                [33mring.middleware.multipart-params/wrap-multipart-params/[1;33mfn[m  [32m       multipart_params.clj:  118[m
                                                  [33mnoir.validation/wrap-noir-validation/[1;33mfn[m  [32m             validation.clj:  155[m
                                                             [33mnoir.cookies/noir-cookies/[1;33mfn[m  [32m                cookies.clj:   72[m
                                                  [33mring.middleware.cookies/wrap-cookies/[1;33mfn[m  [32m                cookies.clj:  156[m
                                                               [33mnoir.session/noir-flash/[1;33mfn[m  [32m                session.clj:  148[m
                                                      [33mring.middleware.flash/wrap-flash/[1;33mfn[m  [32m                  flash.clj:   35[m
                                                             [33mnoir.session/noir-session/[1;33mfn[m  [32m                session.clj:   99[m
                             [33mring.middleware.session-timeout/wrap-idle-session-timeout/[1;33mfn[m  [32m        session_timeout.clj:   25[m
                                                  [33mring.middleware.session/wrap-session/[1;33mfn[m  [32m                session.clj:   98[m
                                                                  [37mclojure.lang.Var.invoke[m  [32m                   Var.java:  379[m
                                                    [33mring.middleware.reload/wrap-reload/[1;33mfn[m  [32m                 reload.clj:   22[m
                                        [33mring.middleware.stacktrace/wrap-stacktrace-log/[1;33mfn[m  [32m             stacktrace.clj:   23[m
                                        [33mring.middleware.stacktrace/wrap-stacktrace-web/[1;33mfn[m  [32m             stacktrace.clj:   86[m
                                                      [33mring.adapter.jetty/proxy-handler/[1;33mfn[m  [32m                  jetty.clj:   18[m
[37mring.adapter.jetty.proxy$org.eclipse.jetty.server.handler.AbstractHandler$ff19274a.handle[m  [32m                                 [m
                                   [37morg.eclipse.jetty.server.handler.HandlerWrapper.handle[m  [32m        HandlerWrapper.java:  116[m
                                                   [37morg.eclipse.jetty.server.Server.handle[m  [32m                Server.java:  363[m
                            [37morg.eclipse.jetty.server.AbstractHttpConnection.handleRequest[m  [32mAbstractHttpConnection.java:  483[m
                           [37morg.eclipse.jetty.server.AbstractHttpConnection.headerComplete[m  [32mAbstractHttpConnection.java:  920[m
            [37morg.eclipse.jetty.server.AbstractHttpConnection$RequestHandler.headerComplete[m  [32mAbstractHttpConnection.java:  982[m
                                              [37morg.eclipse.jetty.http.HttpParser.parseNext[m  [32m            HttpParser.java:  635[m
                                         [37morg.eclipse.jetty.http.HttpParser.parseAvailable[m  [32m            HttpParser.java:  235[m
                                      [37morg.eclipse.jetty.server.AsyncHttpConnection.handle[m  [32m   AsyncHttpConnection.java:   82[m
                                    [37morg.eclipse.jetty.io.nio.SelectChannelEndPoint.handle[m  [32m SelectChannelEndPoint.java:  628[m
                                     [37morg.eclipse.jetty.io.nio.SelectChannelEndPoint$1.run[m  [32m SelectChannelEndPoint.java:   52[m
                                    [37morg.eclipse.jetty.util.thread.QueuedThreadPool.runJob[m  [32m      QueuedThreadPool.java:  608[m
                                     [37morg.eclipse.jetty.util.thread.QueuedThreadPool$3.run[m  [32m      QueuedThreadPool.java:  543[m
                                                                     [37mjava.lang.Thread.run[m  [32m                Thread.java:  744[m

2014-Nov-26 16:52:50 +0700 Arie-PC ERROR [zenblog.middleware] - 
[1;31mjava.lang.AssertionError[m: [3mAssert failed: (integer? id)[m
                                                                   [33mzenblog.dbase/[1;33mfindById[m  [32m                  dbase.clj:   20[m
                                                    [33mzenblog.pageandctrl.blogpage/fn/fn/[1;33mfn[m  [32m               blogpage.clj:   11[m
                                                                      [33mclojure.core/map/[1;33mfn[m  [32m                   core.clj: 2559[m
                                                                [37mclojure.lang.LazySeq.sval[m  [32m               LazySeq.java:   40[m
                                                                 [37mclojure.lang.LazySeq.seq[m  [32m               LazySeq.java:   49[m
                                                                      [37mclojure.lang.RT.seq[m  [32m                    RT.java:  484[m
                                                                         [33mclojure.core/[1;33mseq[m  [32m                   core.clj:  133[m
                                          [33mnet.cgrand.enlive-html/flatten-nodes-coll/[1;33mflat*[m  [32m            enlive_html.clj:  227[m
                                        [33mnet.cgrand.enlive-html/flatten-nodes-coll/flat/[1;33mfn[m  [32m            enlive_html.clj:  232[m
                                                                [37mclojure.lang.LazySeq.sval[m  [32m               LazySeq.java:   40[m
                                                                 [37mclojure.lang.LazySeq.seq[m  [32m               LazySeq.java:   49[m
                                                                      [37mclojure.lang.RT.seq[m  [32m                    RT.java:  484[m
                                                                         [33mclojure.core/[1;33mseq[m  [32m                   core.clj:  133[m
                                                                       [33mclojure.core/[1;33mdorun[m  [32m                   core.clj: 2855[m
                                                                       [33mclojure.core/[1;33mdoall[m  [32m                   core.clj: 2871[m
                                                       [33mzenblog.pageandctrl.blogpage/fn/[1;33mfn[m  [32m               blogpage.clj:    9[m
                                                                     [33mclojure.core/comp/[1;33mfn[m  [32m                   core.clj: 2403[m
                                                        [33mzenblog.pageandctrl.ctrl/[1;33mblogpage[m  [32m                   ctrl.clj:   25[m
                                                                        [33mzenblog.routes/[1;33mfn[m  [32m                 routes.clj:   21[m
                                                             [33mcompojure.core/make-route/[1;33mfn[m  [32m                   core.clj:   99[m
                                                               [33mcompojure.core/if-route/[1;33mfn[m  [32m                   core.clj:   45[m
                                                              [33mcompojure.core/if-method/[1;33mfn[m  [32m                   core.clj:   30[m
                                                                [33mcompojure.core/routing/[1;33mfn[m  [32m                   core.clj:  112[m
                                                                        [33mclojure.core/[1;33msome[m  [32m                   core.clj: 2515[m
                                                                   [33mcompojure.core/[1;33mrouting[m  [32m                   core.clj:  112[m
                                                              [37mclojure.lang.RestFn.applyTo[m  [32m                RestFn.java:  139[m
                                                                       [33mclojure.core/[1;33mapply[m  [32m                   core.clj:  626[m
                                                                 [33mcompojure.core/routes/[1;33mfn[m  [32m                   core.clj:  117[m
                                                                [33mcompojure.core/routing/[1;33mfn[m  [32m                   core.clj:  112[m
                                                                        [33mclojure.core/[1;33msome[m  [32m                   core.clj: 2515[m
                                                                   [33mcompojure.core/[1;33mrouting[m  [32m                   core.clj:  112[m
                                                              [37mclojure.lang.RestFn.applyTo[m  [32m                RestFn.java:  139[m
                                                                       [33mclojure.core/[1;33mapply[m  [32m                   core.clj:  626[m
                                                                 [33mcompojure.core/routes/[1;33mfn[m  [32m                   core.clj:  117[m
                                                     [33mselmer.middleware/wrap-error-page/[1;33mfn[m  [32m             middleware.clj:    9[m
                                                      [33mprone.middleware/wrap-exceptions/[1;33mfn[m  [32m             middleware.clj:   76[m
                                               [33mnoir-exception.core/wrap-internal-error/[1;33mfn[m  [32m                   core.clj:  121[m
                                                 [33mnoir.util.middleware/wrap-request-map/[1;33mfn[m  [32m             middleware.clj:   45[m
                                    [33mring.middleware.keyword-params/wrap-keyword-params/[1;33mfn[m  [32m         keyword_params.clj:   35[m
                                      [33mring.middleware.nested-params/wrap-nested-params/[1;33mfn[m  [32m          nested_params.clj:   84[m
                                                    [33mring.middleware.params/wrap-params/[1;33mfn[m  [32m                 params.clj:   64[m
                                                       [33mhiccup.middleware/wrap-base-url/[1;33mfn[m  [32m             middleware.clj:   12[m
                                      [33mring.middleware.format-params/wrap-format-params/[1;33mfn[m  [32m          format_params.clj:  113[m
                                      [33mring.middleware.format-params/wrap-format-params/[1;33mfn[m  [32m          format_params.clj:  113[m
                                  [33mring.middleware.format-response/wrap-format-response/[1;33mfn[m  [32m        format_response.clj:  174[m
                                [33mring.middleware.multipart-params/wrap-multipart-params/[1;33mfn[m  [32m       multipart_params.clj:  118[m
                                                  [33mnoir.validation/wrap-noir-validation/[1;33mfn[m  [32m             validation.clj:  155[m
                                                             [33mnoir.cookies/noir-cookies/[1;33mfn[m  [32m                cookies.clj:   72[m
                                                  [33mring.middleware.cookies/wrap-cookies/[1;33mfn[m  [32m                cookies.clj:  156[m
                                                               [33mnoir.session/noir-flash/[1;33mfn[m  [32m                session.clj:  148[m
                                                      [33mring.middleware.flash/wrap-flash/[1;33mfn[m  [32m                  flash.clj:   35[m
                                                             [33mnoir.session/noir-session/[1;33mfn[m  [32m                session.clj:   99[m
                             [33mring.middleware.session-timeout/wrap-idle-session-timeout/[1;33mfn[m  [32m        session_timeout.clj:   25[m
                                                  [33mring.middleware.session/wrap-session/[1;33mfn[m  [32m                session.clj:   98[m
                                                                  [37mclojure.lang.Var.invoke[m  [32m                   Var.java:  379[m
                                                    [33mring.middleware.reload/wrap-reload/[1;33mfn[m  [32m                 reload.clj:   22[m
                                        [33mring.middleware.stacktrace/wrap-stacktrace-log/[1;33mfn[m  [32m             stacktrace.clj:   23[m
                                        [33mring.middleware.stacktrace/wrap-stacktrace-web/[1;33mfn[m  [32m             stacktrace.clj:   86[m
                                                      [33mring.adapter.jetty/proxy-handler/[1;33mfn[m  [32m                  jetty.clj:   18[m
[37mring.adapter.jetty.proxy$org.eclipse.jetty.server.handler.AbstractHandler$ff19274a.handle[m  [32m                                 [m
                                   [37morg.eclipse.jetty.server.handler.HandlerWrapper.handle[m  [32m        HandlerWrapper.java:  116[m
                                                   [37morg.eclipse.jetty.server.Server.handle[m  [32m                Server.java:  363[m
                            [37morg.eclipse.jetty.server.AbstractHttpConnection.handleRequest[m  [32mAbstractHttpConnection.java:  483[m
                           [37morg.eclipse.jetty.server.AbstractHttpConnection.headerComplete[m  [32mAbstractHttpConnection.java:  920[m
            [37morg.eclipse.jetty.server.AbstractHttpConnection$RequestHandler.headerComplete[m  [32mAbstractHttpConnection.java:  982[m
                                              [37morg.eclipse.jetty.http.HttpParser.parseNext[m  [32m            HttpParser.java:  635[m
                                         [37morg.eclipse.jetty.http.HttpParser.parseAvailable[m  [32m            HttpParser.java:  235[m
                                      [37morg.eclipse.jetty.server.AsyncHttpConnection.handle[m  [32m   AsyncHttpConnection.java:   82[m
                                    [37morg.eclipse.jetty.io.nio.SelectChannelEndPoint.handle[m  [32m SelectChannelEndPoint.java:  628[m
                                     [37morg.eclipse.jetty.io.nio.SelectChannelEndPoint$1.run[m  [32m SelectChannelEndPoint.java:   52[m
                                    [37morg.eclipse.jetty.util.thread.QueuedThreadPool.runJob[m  [32m      QueuedThreadPool.java:  608[m
                                     [37morg.eclipse.jetty.util.thread.QueuedThreadPool$3.run[m  [32m      QueuedThreadPool.java:  543[m
                                                                     [37mjava.lang.Thread.run[m  [32m                Thread.java:  744[m

2014-Nov-26 16:53:05 +0700 Arie-PC ERROR [zenblog.middleware] - 
[1;31mjava.lang.AssertionError[m: [3mAssert failed: (integer? id)[m
                                                                   [33mzenblog.dbase/[1;33mfindById[m  [32m                  dbase.clj:   20[m
                                                    [33mzenblog.pageandctrl.blogpage/fn/fn/[1;33mfn[m  [32m               blogpage.clj:   11[m
                                                                      [33mclojure.core/map/[1;33mfn[m  [32m                   core.clj: 2559[m
                                                                [37mclojure.lang.LazySeq.sval[m  [32m               LazySeq.java:   40[m
                                                                 [37mclojure.lang.LazySeq.seq[m  [32m               LazySeq.java:   49[m
                                                                      [37mclojure.lang.RT.seq[m  [32m                    RT.java:  484[m
                                                                         [33mclojure.core/[1;33mseq[m  [32m                   core.clj:  133[m
                                          [33mnet.cgrand.enlive-html/flatten-nodes-coll/[1;33mflat*[m  [32m            enlive_html.clj:  227[m
                                        [33mnet.cgrand.enlive-html/flatten-nodes-coll/flat/[1;33mfn[m  [32m            enlive_html.clj:  232[m
                                                                [37mclojure.lang.LazySeq.sval[m  [32m               LazySeq.java:   40[m
                                                                 [37mclojure.lang.LazySeq.seq[m  [32m               LazySeq.java:   49[m
                                                                      [37mclojure.lang.RT.seq[m  [32m                    RT.java:  484[m
                                                                         [33mclojure.core/[1;33mseq[m  [32m                   core.clj:  133[m
                                                                       [33mclojure.core/[1;33mdorun[m  [32m                   core.clj: 2855[m
                                                                       [33mclojure.core/[1;33mdoall[m  [32m                   core.clj: 2871[m
                                                       [33mzenblog.pageandctrl.blogpage/fn/[1;33mfn[m  [32m               blogpage.clj:    9[m
                                                                     [33mclojure.core/comp/[1;33mfn[m  [32m                   core.clj: 2403[m
                                                        [33mzenblog.pageandctrl.ctrl/[1;33mblogpage[m  [32m                   ctrl.clj:   25[m
                                                                        [33mzenblog.routes/[1;33mfn[m  [32m                 routes.clj:   21[m
                                                             [33mcompojure.core/make-route/[1;33mfn[m  [32m                   core.clj:   99[m
                                                               [33mcompojure.core/if-route/[1;33mfn[m  [32m                   core.clj:   45[m
                                                              [33mcompojure.core/if-method/[1;33mfn[m  [32m                   core.clj:   30[m
                                                                [33mcompojure.core/routing/[1;33mfn[m  [32m                   core.clj:  112[m
                                                                        [33mclojure.core/[1;33msome[m  [32m                   core.clj: 2515[m
                                                                   [33mcompojure.core/[1;33mrouting[m  [32m                   core.clj:  112[m
                                                              [37mclojure.lang.RestFn.applyTo[m  [32m                RestFn.java:  139[m
                                                                       [33mclojure.core/[1;33mapply[m  [32m                   core.clj:  626[m
                                                                 [33mcompojure.core/routes/[1;33mfn[m  [32m                   core.clj:  117[m
                                                                [33mcompojure.core/routing/[1;33mfn[m  [32m                   core.clj:  112[m
                                                                        [33mclojure.core/[1;33msome[m  [32m                   core.clj: 2515[m
                                                                   [33mcompojure.core/[1;33mrouting[m  [32m                   core.clj:  112[m
                                                              [37mclojure.lang.RestFn.applyTo[m  [32m                RestFn.java:  139[m
                                                                       [33mclojure.core/[1;33mapply[m  [32m                   core.clj:  626[m
                                                                 [33mcompojure.core/routes/[1;33mfn[m  [32m                   core.clj:  117[m
                                                     [33mselmer.middleware/wrap-error-page/[1;33mfn[m  [32m             middleware.clj:    9[m
                                                      [33mprone.middleware/wrap-exceptions/[1;33mfn[m  [32m             middleware.clj:   76[m
                                               [33mnoir-exception.core/wrap-internal-error/[1;33mfn[m  [32m                   core.clj:  121[m
                                                 [33mnoir.util.middleware/wrap-request-map/[1;33mfn[m  [32m             middleware.clj:   45[m
                                    [33mring.middleware.keyword-params/wrap-keyword-params/[1;33mfn[m  [32m         keyword_params.clj:   35[m
                                      [33mring.middleware.nested-params/wrap-nested-params/[1;33mfn[m  [32m          nested_params.clj:   84[m
                                                    [33mring.middleware.params/wrap-params/[1;33mfn[m  [32m                 params.clj:   64[m
                                                       [33mhiccup.middleware/wrap-base-url/[1;33mfn[m  [32m             middleware.clj:   12[m
                                      [33mring.middleware.format-params/wrap-format-params/[1;33mfn[m  [32m          format_params.clj:  113[m
                                      [33mring.middleware.format-params/wrap-format-params/[1;33mfn[m  [32m          format_params.clj:  113[m
                                  [33mring.middleware.format-response/wrap-format-response/[1;33mfn[m  [32m        format_response.clj:  174[m
                                [33mring.middleware.multipart-params/wrap-multipart-params/[1;33mfn[m  [32m       multipart_params.clj:  118[m
                                                  [33mnoir.validation/wrap-noir-validation/[1;33mfn[m  [32m             validation.clj:  155[m
                                                             [33mnoir.cookies/noir-cookies/[1;33mfn[m  [32m                cookies.clj:   72[m
                                                  [33mring.middleware.cookies/wrap-cookies/[1;33mfn[m  [32m                cookies.clj:  156[m
                                                               [33mnoir.session/noir-flash/[1;33mfn[m  [32m                session.clj:  148[m
                                                      [33mring.middleware.flash/wrap-flash/[1;33mfn[m  [32m                  flash.clj:   35[m
                                                             [33mnoir.session/noir-session/[1;33mfn[m  [32m                session.clj:   99[m
                             [33mring.middleware.session-timeout/wrap-idle-session-timeout/[1;33mfn[m  [32m        session_timeout.clj:   25[m
                                                  [33mring.middleware.session/wrap-session/[1;33mfn[m  [32m                session.clj:   98[m
                                                                  [37mclojure.lang.Var.invoke[m  [32m                   Var.java:  379[m
                                                    [33mring.middleware.reload/wrap-reload/[1;33mfn[m  [32m                 reload.clj:   22[m
                                        [33mring.middleware.stacktrace/wrap-stacktrace-log/[1;33mfn[m  [32m             stacktrace.clj:   23[m
                                        [33mring.middleware.stacktrace/wrap-stacktrace-web/[1;33mfn[m  [32m             stacktrace.clj:   86[m
                                                      [33mring.adapter.jetty/proxy-handler/[1;33mfn[m  [32m                  jetty.clj:   18[m
[37mring.adapter.jetty.proxy$org.eclipse.jetty.server.handler.AbstractHandler$ff19274a.handle[m  [32m                                 [m
                                   [37morg.eclipse.jetty.server.handler.HandlerWrapper.handle[m  [32m        HandlerWrapper.java:  116[m
                                                   [37morg.eclipse.jetty.server.Server.handle[m  [32m                Server.java:  363[m
                            [37morg.eclipse.jetty.server.AbstractHttpConnection.handleRequest[m  [32mAbstractHttpConnection.java:  483[m
                           [37morg.eclipse.jetty.server.AbstractHttpConnection.headerComplete[m  [32mAbstractHttpConnection.java:  920[m
            [37morg.eclipse.jetty.server.AbstractHttpConnection$RequestHandler.headerComplete[m  [32mAbstractHttpConnection.java:  982[m
                                              [37morg.eclipse.jetty.http.HttpParser.parseNext[m  [32m            HttpParser.java:  635[m
                                         [37morg.eclipse.jetty.http.HttpParser.parseAvailable[m  [32m            HttpParser.java:  235[m
                                      [37morg.eclipse.jetty.server.AsyncHttpConnection.handle[m  [32m   AsyncHttpConnection.java:   82[m
                                    [37morg.eclipse.jetty.io.nio.SelectChannelEndPoint.handle[m  [32m SelectChannelEndPoint.java:  628[m
                                     [37morg.eclipse.jetty.io.nio.SelectChannelEndPoint$1.run[m  [32m SelectChannelEndPoint.java:   52[m
                                    [37morg.eclipse.jetty.util.thread.QueuedThreadPool.runJob[m  [32m      QueuedThreadPool.java:  608[m
                                     [37morg.eclipse.jetty.util.thread.QueuedThreadPool$3.run[m  [32m      QueuedThreadPool.java:  543[m
                                                                     [37mjava.lang.Thread.run[m  [32m                Thread.java:  744[m

2014-Nov-26 16:54:16 +0700 Arie-PC ERROR [zenblog.middleware] - 
[1;31mjava.lang.AssertionError[m: [3mAssert failed: (integer? id)[m
                                                                   [33mzenblog.dbase/[1;33mfindById[m  [32m                  dbase.clj:   20[m
                                                    [33mzenblog.pageandctrl.blogpage/fn/fn/[1;33mfn[m  [32m               blogpage.clj:   11[m
                                                                      [33mclojure.core/map/[1;33mfn[m  [32m                   core.clj: 2559[m
                                                                [37mclojure.lang.LazySeq.sval[m  [32m               LazySeq.java:   40[m
                                                                 [37mclojure.lang.LazySeq.seq[m  [32m               LazySeq.java:   49[m
                                                                      [37mclojure.lang.RT.seq[m  [32m                    RT.java:  484[m
                                                                         [33mclojure.core/[1;33mseq[m  [32m                   core.clj:  133[m
                                          [33mnet.cgrand.enlive-html/flatten-nodes-coll/[1;33mflat*[m  [32m            enlive_html.clj:  227[m
                                        [33mnet.cgrand.enlive-html/flatten-nodes-coll/flat/[1;33mfn[m  [32m            enlive_html.clj:  232[m
                                                                [37mclojure.lang.LazySeq.sval[m  [32m               LazySeq.java:   40[m
                                                                 [37mclojure.lang.LazySeq.seq[m  [32m               LazySeq.java:   49[m
                                                                      [37mclojure.lang.RT.seq[m  [32m                    RT.java:  484[m
                                                                         [33mclojure.core/[1;33mseq[m  [32m                   core.clj:  133[m
                                                                       [33mclojure.core/[1;33mdorun[m  [32m                   core.clj: 2855[m
                                                                       [33mclojure.core/[1;33mdoall[m  [32m                   core.clj: 2871[m
                                                       [33mzenblog.pageandctrl.blogpage/fn/[1;33mfn[m  [32m               blogpage.clj:    9[m
                                                                     [33mclojure.core/comp/[1;33mfn[m  [32m                   core.clj: 2403[m
                                                        [33mzenblog.pageandctrl.ctrl/[1;33mblogpage[m  [32m                   ctrl.clj:   25[m
                                                                        [33mzenblog.routes/[1;33mfn[m  [32m                 routes.clj:   21[m
                                                             [33mcompojure.core/make-route/[1;33mfn[m  [32m                   core.clj:   99[m
                                                               [33mcompojure.core/if-route/[1;33mfn[m  [32m                   core.clj:   45[m
                                                              [33mcompojure.core/if-method/[1;33mfn[m  [32m                   core.clj:   30[m
                                                                [33mcompojure.core/routing/[1;33mfn[m  [32m                   core.clj:  112[m
                                                                        [33mclojure.core/[1;33msome[m  [32m                   core.clj: 2515[m
                                                                   [33mcompojure.core/[1;33mrouting[m  [32m                   core.clj:  112[m
                                                              [37mclojure.lang.RestFn.applyTo[m  [32m                RestFn.java:  139[m
                                                                       [33mclojure.core/[1;33mapply[m  [32m                   core.clj:  626[m
                                                                 [33mcompojure.core/routes/[1;33mfn[m  [32m                   core.clj:  117[m
                                                                [33mcompojure.core/routing/[1;33mfn[m  [32m                   core.clj:  112[m
                                                                        [33mclojure.core/[1;33msome[m  [32m                   core.clj: 2515[m
                                                                   [33mcompojure.core/[1;33mrouting[m  [32m                   core.clj:  112[m
                                                              [37mclojure.lang.RestFn.applyTo[m  [32m                RestFn.java:  139[m
                                                                       [33mclojure.core/[1;33mapply[m  [32m                   core.clj:  626[m
                                                                 [33mcompojure.core/routes/[1;33mfn[m  [32m                   core.clj:  117[m
                                                     [33mselmer.middleware/wrap-error-page/[1;33mfn[m  [32m             middleware.clj:    9[m
                                                      [33mprone.middleware/wrap-exceptions/[1;33mfn[m  [32m             middleware.clj:   76[m
                                               [33mnoir-exception.core/wrap-internal-error/[1;33mfn[m  [32m                   core.clj:  121[m
                                                 [33mnoir.util.middleware/wrap-request-map/[1;33mfn[m  [32m             middleware.clj:   45[m
                                    [33mring.middleware.keyword-params/wrap-keyword-params/[1;33mfn[m  [32m         keyword_params.clj:   35[m
                                      [33mring.middleware.nested-params/wrap-nested-params/[1;33mfn[m  [32m          nested_params.clj:   84[m
                                                    [33mring.middleware.params/wrap-params/[1;33mfn[m  [32m                 params.clj:   64[m
                                                       [33mhiccup.middleware/wrap-base-url/[1;33mfn[m  [32m             middleware.clj:   12[m
                                      [33mring.middleware.format-params/wrap-format-params/[1;33mfn[m  [32m          format_params.clj:  113[m
                                      [33mring.middleware.format-params/wrap-format-params/[1;33mfn[m  [32m          format_params.clj:  113[m
                                  [33mring.middleware.format-response/wrap-format-response/[1;33mfn[m  [32m        format_response.clj:  174[m
                                [33mring.middleware.multipart-params/wrap-multipart-params/[1;33mfn[m  [32m       multipart_params.clj:  118[m
                                                  [33mnoir.validation/wrap-noir-validation/[1;33mfn[m  [32m             validation.clj:  155[m
                                                             [33mnoir.cookies/noir-cookies/[1;33mfn[m  [32m                cookies.clj:   72[m
                                                  [33mring.middleware.cookies/wrap-cookies/[1;33mfn[m  [32m                cookies.clj:  156[m
                                                               [33mnoir.session/noir-flash/[1;33mfn[m  [32m                session.clj:  148[m
                                                      [33mring.middleware.flash/wrap-flash/[1;33mfn[m  [32m                  flash.clj:   35[m
                                                             [33mnoir.session/noir-session/[1;33mfn[m  [32m                session.clj:   99[m
                             [33mring.middleware.session-timeout/wrap-idle-session-timeout/[1;33mfn[m  [32m        session_timeout.clj:   25[m
                                                  [33mring.middleware.session/wrap-session/[1;33mfn[m  [32m                session.clj:   98[m
                                                                  [37mclojure.lang.Var.invoke[m  [32m                   Var.java:  379[m
                                                    [33mring.middleware.reload/wrap-reload/[1;33mfn[m  [32m                 reload.clj:   22[m
                                        [33mring.middleware.stacktrace/wrap-stacktrace-log/[1;33mfn[m  [32m             stacktrace.clj:   23[m
                                        [33mring.middleware.stacktrace/wrap-stacktrace-web/[1;33mfn[m  [32m             stacktrace.clj:   86[m
                                                      [33mring.adapter.jetty/proxy-handler/[1;33mfn[m  [32m                  jetty.clj:   18[m
[37mring.adapter.jetty.proxy$org.eclipse.jetty.server.handler.AbstractHandler$ff19274a.handle[m  [32m                                 [m
                                   [37morg.eclipse.jetty.server.handler.HandlerWrapper.handle[m  [32m        HandlerWrapper.java:  116[m
                                                   [37morg.eclipse.jetty.server.Server.handle[m  [32m                Server.java:  363[m
                            [37morg.eclipse.jetty.server.AbstractHttpConnection.handleRequest[m  [32mAbstractHttpConnection.java:  483[m
                           [37morg.eclipse.jetty.server.AbstractHttpConnection.headerComplete[m  [32mAbstractHttpConnection.java:  920[m
            [37morg.eclipse.jetty.server.AbstractHttpConnection$RequestHandler.headerComplete[m  [32mAbstractHttpConnection.java:  982[m
                                              [37morg.eclipse.jetty.http.HttpParser.parseNext[m  [32m            HttpParser.java:  635[m
                                         [37morg.eclipse.jetty.http.HttpParser.parseAvailable[m  [32m            HttpParser.java:  235[m
                                      [37morg.eclipse.jetty.server.AsyncHttpConnection.handle[m  [32m   AsyncHttpConnection.java:   82[m
                                    [37morg.eclipse.jetty.io.nio.SelectChannelEndPoint.handle[m  [32m SelectChannelEndPoint.java:  628[m
                                     [37morg.eclipse.jetty.io.nio.SelectChannelEndPoint$1.run[m  [32m SelectChannelEndPoint.java:   52[m
                                    [37morg.eclipse.jetty.util.thread.QueuedThreadPool.runJob[m  [32m      QueuedThreadPool.java:  608[m
                                     [37morg.eclipse.jetty.util.thread.QueuedThreadPool$3.run[m  [32m      QueuedThreadPool.java:  543[m
                                                                     [37mjava.lang.Thread.run[m  [32m                Thread.java:  744[m

2014-Nov-26 16:54:34 +0700 Arie-PC ERROR [zenblog.middleware] - 
[1;31mjava.lang.AssertionError[m: [3mAssert failed: (integer? id)[m
                                                                   [33mzenblog.dbase/[1;33mfindById[m  [32m                  dbase.clj:   20[m
                                                    [33mzenblog.pageandctrl.blogpage/fn/fn/[1;33mfn[m  [32m               blogpage.clj:   11[m
                                                                      [33mclojure.core/map/[1;33mfn[m  [32m                   core.clj: 2559[m
                                                                [37mclojure.lang.LazySeq.sval[m  [32m               LazySeq.java:   40[m
                                                                 [37mclojure.lang.LazySeq.seq[m  [32m               LazySeq.java:   49[m
                                                                      [37mclojure.lang.RT.seq[m  [32m                    RT.java:  484[m
                                                                         [33mclojure.core/[1;33mseq[m  [32m                   core.clj:  133[m
                                          [33mnet.cgrand.enlive-html/flatten-nodes-coll/[1;33mflat*[m  [32m            enlive_html.clj:  227[m
                                        [33mnet.cgrand.enlive-html/flatten-nodes-coll/flat/[1;33mfn[m  [32m            enlive_html.clj:  232[m
                                                                [37mclojure.lang.LazySeq.sval[m  [32m               LazySeq.java:   40[m
                                                                 [37mclojure.lang.LazySeq.seq[m  [32m               LazySeq.java:   49[m
                                                                      [37mclojure.lang.RT.seq[m  [32m                    RT.java:  484[m
                                                                         [33mclojure.core/[1;33mseq[m  [32m                   core.clj:  133[m
                                                                       [33mclojure.core/[1;33mdorun[m  [32m                   core.clj: 2855[m
                                                                       [33mclojure.core/[1;33mdoall[m  [32m                   core.clj: 2871[m
                                                       [33mzenblog.pageandctrl.blogpage/fn/[1;33mfn[m  [32m               blogpage.clj:    9[m
                                                                     [33mclojure.core/comp/[1;33mfn[m  [32m                   core.clj: 2403[m
                                                        [33mzenblog.pageandctrl.ctrl/[1;33mblogpage[m  [32m                   ctrl.clj:   25[m
                                                                        [33mzenblog.routes/[1;33mfn[m  [32m                 routes.clj:   21[m
                                                             [33mcompojure.core/make-route/[1;33mfn[m  [32m                   core.clj:   99[m
                                                               [33mcompojure.core/if-route/[1;33mfn[m  [32m                   core.clj:   45[m
                                                              [33mcompojure.core/if-method/[1;33mfn[m  [32m                   core.clj:   30[m
                                                                [33mcompojure.core/routing/[1;33mfn[m  [32m                   core.clj:  112[m
                                                                        [33mclojure.core/[1;33msome[m  [32m                   core.clj: 2515[m
                                                                   [33mcompojure.core/[1;33mrouting[m  [32m                   core.clj:  112[m
                                                              [37mclojure.lang.RestFn.applyTo[m  [32m                RestFn.java:  139[m
                                                                       [33mclojure.core/[1;33mapply[m  [32m                   core.clj:  626[m
                                                                 [33mcompojure.core/routes/[1;33mfn[m  [32m                   core.clj:  117[m
                                                                [33mcompojure.core/routing/[1;33mfn[m  [32m                   core.clj:  112[m
                                                                        [33mclojure.core/[1;33msome[m  [32m                   core.clj: 2515[m
                                                                   [33mcompojure.core/[1;33mrouting[m  [32m                   core.clj:  112[m
                                                              [37mclojure.lang.RestFn.applyTo[m  [32m                RestFn.java:  139[m
                                                                       [33mclojure.core/[1;33mapply[m  [32m                   core.clj:  626[m
                                                                 [33mcompojure.core/routes/[1;33mfn[m  [32m                   core.clj:  117[m
                                                     [33mselmer.middleware/wrap-error-page/[1;33mfn[m  [32m             middleware.clj:    9[m
                                                      [33mprone.middleware/wrap-exceptions/[1;33mfn[m  [32m             middleware.clj:   76[m
                                               [33mnoir-exception.core/wrap-internal-error/[1;33mfn[m  [32m                   core.clj:  121[m
                                                 [33mnoir.util.middleware/wrap-request-map/[1;33mfn[m  [32m             middleware.clj:   45[m
                                    [33mring.middleware.keyword-params/wrap-keyword-params/[1;33mfn[m  [32m         keyword_params.clj:   35[m
                                      [33mring.middleware.nested-params/wrap-nested-params/[1;33mfn[m  [32m          nested_params.clj:   84[m
                                                    [33mring.middleware.params/wrap-params/[1;33mfn[m  [32m                 params.clj:   64[m
                                                       [33mhiccup.middleware/wrap-base-url/[1;33mfn[m  [32m             middleware.clj:   12[m
                                      [33mring.middleware.format-params/wrap-format-params/[1;33mfn[m  [32m          format_params.clj:  113[m
                                      [33mring.middleware.format-params/wrap-format-params/[1;33mfn[m  [32m          format_params.clj:  113[m
                                  [33mring.middleware.format-response/wrap-format-response/[1;33mfn[m  [32m        format_response.clj:  174[m
                                [33mring.middleware.multipart-params/wrap-multipart-params/[1;33mfn[m  [32m       multipart_params.clj:  118[m
                                                  [33mnoir.validation/wrap-noir-validation/[1;33mfn[m  [32m             validation.clj:  155[m
                                                             [33mnoir.cookies/noir-cookies/[1;33mfn[m  [32m                cookies.clj:   72[m
                                                  [33mring.middleware.cookies/wrap-cookies/[1;33mfn[m  [32m                cookies.clj:  156[m
                                                               [33mnoir.session/noir-flash/[1;33mfn[m  [32m                session.clj:  148[m
                                                      [33mring.middleware.flash/wrap-flash/[1;33mfn[m  [32m                  flash.clj:   35[m
                                                             [33mnoir.session/noir-session/[1;33mfn[m  [32m                session.clj:   99[m
                             [33mring.middleware.session-timeout/wrap-idle-session-timeout/[1;33mfn[m  [32m        session_timeout.clj:   25[m
                                                  [33mring.middleware.session/wrap-session/[1;33mfn[m  [32m                session.clj:   98[m
                                                                  [37mclojure.lang.Var.invoke[m  [32m                   Var.java:  379[m
                                                    [33mring.middleware.reload/wrap-reload/[1;33mfn[m  [32m                 reload.clj:   22[m
                                        [33mring.middleware.stacktrace/wrap-stacktrace-log/[1;33mfn[m  [32m             stacktrace.clj:   23[m
                                        [33mring.middleware.stacktrace/wrap-stacktrace-web/[1;33mfn[m  [32m             stacktrace.clj:   86[m
                                                      [33mring.adapter.jetty/proxy-handler/[1;33mfn[m  [32m                  jetty.clj:   18[m
[37mring.adapter.jetty.proxy$org.eclipse.jetty.server.handler.AbstractHandler$ff19274a.handle[m  [32m                                 [m
                                   [37morg.eclipse.jetty.server.handler.HandlerWrapper.handle[m  [32m        HandlerWrapper.java:  116[m
                                                   [37morg.eclipse.jetty.server.Server.handle[m  [32m                Server.java:  363[m
                            [37morg.eclipse.jetty.server.AbstractHttpConnection.handleRequest[m  [32mAbstractHttpConnection.java:  483[m
                           [37morg.eclipse.jetty.server.AbstractHttpConnection.headerComplete[m  [32mAbstractHttpConnection.java:  920[m
            [37morg.eclipse.jetty.server.AbstractHttpConnection$RequestHandler.headerComplete[m  [32mAbstractHttpConnection.java:  982[m
                                              [37morg.eclipse.jetty.http.HttpParser.parseNext[m  [32m            HttpParser.java:  635[m
                                         [37morg.eclipse.jetty.http.HttpParser.parseAvailable[m  [32m            HttpParser.java:  235[m
                                      [37morg.eclipse.jetty.server.AsyncHttpConnection.handle[m  [32m   AsyncHttpConnection.java:   82[m
                                    [37morg.eclipse.jetty.io.nio.SelectChannelEndPoint.handle[m  [32m SelectChannelEndPoint.java:  628[m
                                     [37morg.eclipse.jetty.io.nio.SelectChannelEndPoint$1.run[m  [32m SelectChannelEndPoint.java:   52[m
                                    [37morg.eclipse.jetty.util.thread.QueuedThreadPool.runJob[m  [32m      QueuedThreadPool.java:  608[m
                                     [37morg.eclipse.jetty.util.thread.QueuedThreadPool$3.run[m  [32m      QueuedThreadPool.java:  543[m
                                                                     [37mjava.lang.Thread.run[m  [32m                Thread.java:  744[m

